{"/Users/hunter/Sites/omegamart/omega-mart/src/App.css": {"path":"/Users/hunter/Sites/omegamart/omega-mart/src/App.css","statementMap":{"0":{"start":{"line":1,"column":0},"end":{"line":1,"column":19}}},"fnMap":{},"branchMap":{},"s":{"0":1},"f":{},"b":{},"_coverageSchema":"1a1c01bbd47fc00a2c39e90264f33305004495a9","hash":"f756cdbccb8e8a503bddc5a9b788ad4c7bfaa7f5"}
,"/Users/hunter/Sites/omegamart/omega-mart/src/App.js": {"path":"/Users/hunter/Sites/omegamart/omega-mart/src/App.js","statementMap":{"0":{"start":{"line":6,"column":26},"end":{"line":6,"column":46}},"1":{"start":{"line":8,"column":2},"end":{"line":12,"column":4}},"2":{"start":{"line":9,"column":4},"end":{"line":11,"column":43}},"3":{"start":{"line":10,"column":19},"end":{"line":10,"column":29}},"4":{"start":{"line":11,"column":20},"end":{"line":11,"column":41}},"5":{"start":{"line":14,"column":2},"end":{"line":23,"column":4}}},"fnMap":{"0":{"name":"App","decl":{"start":{"line":4,"column":9},"end":{"line":4,"column":12}},"loc":{"start":{"line":4,"column":15},"end":{"line":24,"column":1}},"line":4},"1":{"name":"(anonymous_1)","decl":{"start":{"line":8,"column":18},"end":{"line":8,"column":19}},"loc":{"start":{"line":8,"column":24},"end":{"line":12,"column":3}},"line":8},"2":{"name":"(anonymous_2)","decl":{"start":{"line":10,"column":10},"end":{"line":10,"column":11}},"loc":{"start":{"line":10,"column":19},"end":{"line":10,"column":29}},"line":10},"3":{"name":"(anonymous_3)","decl":{"start":{"line":11,"column":10},"end":{"line":11,"column":11}},"loc":{"start":{"line":11,"column":20},"end":{"line":11,"column":41}},"line":11}},"branchMap":{"0":{"loc":{"start":{"line":18,"column":12},"end":{"line":18,"column":47}},"type":"cond-expr","locations":[{"start":{"line":18,"column":20},"end":{"line":18,"column":40}},{"start":{"line":18,"column":43},"end":{"line":18,"column":47}}],"line":18}},"s":{"0":2,"1":1,"2":1,"3":0,"4":0,"5":1},"f":{"0":2,"1":1,"2":0,"3":0},"b":{"0":[1,0]},"_coverageSchema":"1a1c01bbd47fc00a2c39e90264f33305004495a9","hash":"3814ae75b7356b30fc149f8dc13a0681ddebd57d"}
,"/Users/hunter/Sites/omegamart/server/config/memory_server.js": {"path":"/Users/hunter/Sites/omegamart/server/config/memory_server.js","statementMap":{"0":{"start":{"line":1,"column":17},"end":{"line":1,"column":36}},"1":{"start":{"line":2,"column":30},"end":{"line":2,"column":62}},"2":{"start":{"line":4,"column":12},"end":{"line":4,"column":21}},"3":{"start":{"line":6,"column":0},"end":{"line":13,"column":2}},"4":{"start":{"line":7,"column":1},"end":{"line":7,"column":42}},"5":{"start":{"line":8,"column":13},"end":{"line":8,"column":27}},"6":{"start":{"line":10,"column":1},"end":{"line":12,"column":4}},"7":{"start":{"line":15,"column":0},"end":{"line":21,"column":1}},"8":{"start":{"line":16,"column":1},"end":{"line":20,"column":2}},"9":{"start":{"line":17,"column":2},"end":{"line":17,"column":43}},"10":{"start":{"line":18,"column":2},"end":{"line":18,"column":36}},"11":{"start":{"line":19,"column":2},"end":{"line":19,"column":21}},"12":{"start":{"line":23,"column":0},"end":{"line":31,"column":1}},"13":{"start":{"line":24,"column":1},"end":{"line":30,"column":2}},"14":{"start":{"line":25,"column":22},"end":{"line":25,"column":53}},"15":{"start":{"line":26,"column":2},"end":{"line":29,"column":3}},"16":{"start":{"line":27,"column":22},"end":{"line":27,"column":38}},"17":{"start":{"line":28,"column":3},"end":{"line":28,"column":33}}},"fnMap":{"0":{"name":"(anonymous_0)","decl":{"start":{"line":6,"column":23},"end":{"line":6,"column":24}},"loc":{"start":{"line":6,"column":35},"end":{"line":13,"column":1}},"line":6},"1":{"name":"(anonymous_1)","decl":{"start":{"line":15,"column":30},"end":{"line":15,"column":31}},"loc":{"start":{"line":15,"column":42},"end":{"line":21,"column":1}},"line":15},"2":{"name":"(anonymous_2)","decl":{"start":{"line":23,"column":33},"end":{"line":23,"column":34}},"loc":{"start":{"line":23,"column":45},"end":{"line":31,"column":1}},"line":23}},"branchMap":{"0":{"loc":{"start":{"line":16,"column":1},"end":{"line":20,"column":2}},"type":"if","locations":[{"start":{"line":16,"column":1},"end":{"line":20,"column":2}},{"start":{},"end":{}}],"line":16},"1":{"loc":{"start":{"line":24,"column":1},"end":{"line":30,"column":2}},"type":"if","locations":[{"start":{"line":24,"column":1},"end":{"line":30,"column":2}},{"start":{},"end":{}}],"line":24}},"s":{"0":1,"1":1,"2":1,"3":1,"4":1,"5":1,"6":1,"7":1,"8":1,"9":1,"10":1,"11":1,"12":1,"13":3,"14":3,"15":3,"16":3,"17":3},"f":{"0":1,"1":1,"2":3},"b":{"0":[1,0],"1":[3,0]},"_coverageSchema":"1a1c01bbd47fc00a2c39e90264f33305004495a9","hash":"f9cf56200a924fe3b3fe033a3ce7cb9e271924ca"}
,"/Users/hunter/Sites/omegamart/server/models/Product.js": {"path":"/Users/hunter/Sites/omegamart/server/models/Product.js","statementMap":{"0":{"start":{"line":3,"column":17},"end":{"line":3,"column":36}},"1":{"start":{"line":5,"column":21},"end":{"line":19,"column":2}},"2":{"start":{"line":21,"column":22},"end":{"line":48,"column":2}}},"fnMap":{},"branchMap":{},"s":{"0":1,"1":1,"2":1},"f":{},"b":{},"_coverageSchema":"1a1c01bbd47fc00a2c39e90264f33305004495a9","hash":"5acc94b8bfc6c5a596de0b03831df43b14c4a42a"}
,"/Users/hunter/Sites/omegamart/server/models/__tests__/data/product_data.js": {"path":"/Users/hunter/Sites/omegamart/server/models/__tests__/data/product_data.js","statementMap":{"0":{"start":{"line":1,"column":20},"end":{"line":32,"column":1}},"1":{"start":{"line":34,"column":0},"end":{"line":34,"column":29}}},"fnMap":{},"branchMap":{},"s":{"0":1,"1":1},"f":{},"b":{},"_coverageSchema":"1a1c01bbd47fc00a2c39e90264f33305004495a9","hash":"e66b823571121ff744158426d11dec066d5e990a"}
,"/Users/hunter/Sites/omegamart/server/routes/main.js": {"path":"/Users/hunter/Sites/omegamart/server/routes/main.js","statementMap":{"0":{"start":{"line":1,"column":16},"end":{"line":1,"column":34}},"1":{"start":{"line":2,"column":15},"end":{"line":2,"column":24}},"2":{"start":{"line":3,"column":13},"end":{"line":3,"column":28}},"3":{"start":{"line":5,"column":0},"end":{"line":5,"column":37}},"4":{"start":{"line":7,"column":0},"end":{"line":9,"column":3}},"5":{"start":{"line":8,"column":2},"end":{"line":8,"column":61}},"6":{"start":{"line":11,"column":0},"end":{"line":13,"column":2}},"7":{"start":{"line":12,"column":1},"end":{"line":12,"column":47}},"8":{"start":{"line":40,"column":0},"end":{"line":42,"column":3}},"9":{"start":{"line":41,"column":2},"end":{"line":41,"column":39}},"10":{"start":{"line":43,"column":0},"end":{"line":43,"column":24}}},"fnMap":{"0":{"name":"(anonymous_0)","decl":{"start":{"line":7,"column":16},"end":{"line":7,"column":17}},"loc":{"start":{"line":7,"column":30},"end":{"line":9,"column":1}},"line":7},"1":{"name":"(anonymous_1)","decl":{"start":{"line":11,"column":19},"end":{"line":11,"column":20}},"loc":{"start":{"line":11,"column":33},"end":{"line":13,"column":1}},"line":11},"2":{"name":"(anonymous_2)","decl":{"start":{"line":40,"column":16},"end":{"line":40,"column":17}},"loc":{"start":{"line":40,"column":34},"end":{"line":42,"column":1}},"line":40}},"branchMap":{},"s":{"0":1,"1":1,"2":1,"3":1,"4":1,"5":0,"6":1,"7":1,"8":1,"9":0,"10":1},"f":{"0":0,"1":1,"2":0},"b":{},"_coverageSchema":"1a1c01bbd47fc00a2c39e90264f33305004495a9","hash":"8709c653568e7d1dec0369db36f2cfc0dc101a85"}
}
