{"/Users/hunter/Sites/omegamart/server/config/memory_server.js": {"path":"/Users/hunter/Sites/omegamart/server/config/memory_server.js","statementMap":{"0":{"start":{"line":1,"column":17},"end":{"line":1,"column":36}},"1":{"start":{"line":2,"column":30},"end":{"line":2,"column":62}},"2":{"start":{"line":4,"column":12},"end":{"line":4,"column":21}},"3":{"start":{"line":6,"column":0},"end":{"line":13,"column":2}},"4":{"start":{"line":7,"column":1},"end":{"line":7,"column":42}},"5":{"start":{"line":8,"column":13},"end":{"line":8,"column":27}},"6":{"start":{"line":10,"column":1},"end":{"line":12,"column":4}},"7":{"start":{"line":15,"column":0},"end":{"line":21,"column":1}},"8":{"start":{"line":16,"column":1},"end":{"line":20,"column":2}},"9":{"start":{"line":17,"column":2},"end":{"line":17,"column":43}},"10":{"start":{"line":18,"column":2},"end":{"line":18,"column":36}},"11":{"start":{"line":19,"column":2},"end":{"line":19,"column":21}},"12":{"start":{"line":23,"column":0},"end":{"line":31,"column":1}},"13":{"start":{"line":24,"column":1},"end":{"line":30,"column":2}},"14":{"start":{"line":25,"column":22},"end":{"line":25,"column":53}},"15":{"start":{"line":26,"column":2},"end":{"line":29,"column":3}},"16":{"start":{"line":27,"column":22},"end":{"line":27,"column":38}},"17":{"start":{"line":28,"column":3},"end":{"line":28,"column":33}}},"fnMap":{"0":{"name":"(anonymous_0)","decl":{"start":{"line":6,"column":23},"end":{"line":6,"column":24}},"loc":{"start":{"line":6,"column":35},"end":{"line":13,"column":1}},"line":6},"1":{"name":"(anonymous_1)","decl":{"start":{"line":15,"column":30},"end":{"line":15,"column":31}},"loc":{"start":{"line":15,"column":42},"end":{"line":21,"column":1}},"line":15},"2":{"name":"(anonymous_2)","decl":{"start":{"line":23,"column":33},"end":{"line":23,"column":34}},"loc":{"start":{"line":23,"column":45},"end":{"line":31,"column":1}},"line":23}},"branchMap":{"0":{"loc":{"start":{"line":16,"column":1},"end":{"line":20,"column":2}},"type":"if","locations":[{"start":{"line":16,"column":1},"end":{"line":20,"column":2}},{"start":{},"end":{}}],"line":16},"1":{"loc":{"start":{"line":24,"column":1},"end":{"line":30,"column":2}},"type":"if","locations":[{"start":{"line":24,"column":1},"end":{"line":30,"column":2}},{"start":{},"end":{}}],"line":24}},"s":{"0":2,"1":2,"2":2,"3":2,"4":2,"5":2,"6":2,"7":2,"8":2,"9":2,"10":2,"11":2,"12":2,"13":9,"14":9,"15":9,"16":9,"17":9},"f":{"0":2,"1":2,"2":9},"b":{"0":[2,0],"1":[9,0]},"_coverageSchema":"1a1c01bbd47fc00a2c39e90264f33305004495a9","hash":"f9cf56200a924fe3b3fe033a3ce7cb9e271924ca"}
,"/Users/hunter/Sites/omegamart/server/models/Product.js": {"path":"/Users/hunter/Sites/omegamart/server/models/Product.js","statementMap":{"0":{"start":{"line":3,"column":17},"end":{"line":3,"column":36}},"1":{"start":{"line":5,"column":21},"end":{"line":19,"column":2}},"2":{"start":{"line":21,"column":22},"end":{"line":54,"column":2}},"3":{"start":{"line":30,"column":14},"end":{"line":30,"column":27}},"4":{"start":{"line":31,"column":14},"end":{"line":31,"column":23}},"5":{"start":{"line":61,"column":0},"end":{"line":61,"column":58}}},"fnMap":{"0":{"name":"(anonymous_0)","decl":{"start":{"line":30,"column":9},"end":{"line":30,"column":10}},"loc":{"start":{"line":30,"column":14},"end":{"line":30,"column":27}},"line":30},"1":{"name":"(anonymous_1)","decl":{"start":{"line":31,"column":9},"end":{"line":31,"column":10}},"loc":{"start":{"line":31,"column":14},"end":{"line":31,"column":23}},"line":31}},"branchMap":{},"s":{"0":2,"1":2,"2":2,"3":1,"4":7,"5":2},"f":{"0":1,"1":7},"b":{},"_coverageSchema":"1a1c01bbd47fc00a2c39e90264f33305004495a9","hash":"2a114aeb0176b2156f8c141fced7fad2d2e1f712"}
,"/Users/hunter/Sites/omegamart/server/models/__tests__/data/product_data.js": {"path":"/Users/hunter/Sites/omegamart/server/models/__tests__/data/product_data.js","statementMap":{"0":{"start":{"line":1,"column":20},"end":{"line":33,"column":1}},"1":{"start":{"line":35,"column":0},"end":{"line":35,"column":29}}},"fnMap":{},"branchMap":{},"s":{"0":2,"1":2},"f":{},"b":{},"_coverageSchema":"1a1c01bbd47fc00a2c39e90264f33305004495a9","hash":"22e9b5aa459d4534ca70e12ca2a39bb83dd4f0b8"}
,"/Users/hunter/Sites/omegamart/server/routes/main.js": {"path":"/Users/hunter/Sites/omegamart/server/routes/main.js","statementMap":{"0":{"start":{"line":1,"column":16},"end":{"line":1,"column":34}},"1":{"start":{"line":2,"column":15},"end":{"line":2,"column":24}},"2":{"start":{"line":3,"column":13},"end":{"line":3,"column":28}},"3":{"start":{"line":4,"column":19},"end":{"line":4,"column":53}},"4":{"start":{"line":6,"column":0},"end":{"line":6,"column":37}},"5":{"start":{"line":8,"column":0},"end":{"line":10,"column":3}},"6":{"start":{"line":9,"column":2},"end":{"line":9,"column":61}},"7":{"start":{"line":12,"column":0},"end":{"line":14,"column":2}},"8":{"start":{"line":13,"column":1},"end":{"line":13,"column":47}},"9":{"start":{"line":16,"column":0},"end":{"line":18,"column":2}},"10":{"start":{"line":17,"column":1},"end":{"line":17,"column":66}},"11":{"start":{"line":20,"column":0},"end":{"line":20,"column":40}},"12":{"start":{"line":46,"column":0},"end":{"line":48,"column":3}},"13":{"start":{"line":47,"column":2},"end":{"line":47,"column":39}},"14":{"start":{"line":49,"column":0},"end":{"line":49,"column":24}}},"fnMap":{"0":{"name":"(anonymous_0)","decl":{"start":{"line":8,"column":16},"end":{"line":8,"column":17}},"loc":{"start":{"line":8,"column":30},"end":{"line":10,"column":1}},"line":8},"1":{"name":"(anonymous_1)","decl":{"start":{"line":12,"column":19},"end":{"line":12,"column":20}},"loc":{"start":{"line":12,"column":33},"end":{"line":14,"column":1}},"line":12},"2":{"name":"(anonymous_2)","decl":{"start":{"line":16,"column":20},"end":{"line":16,"column":21}},"loc":{"start":{"line":16,"column":34},"end":{"line":18,"column":1}},"line":16},"3":{"name":"(anonymous_3)","decl":{"start":{"line":46,"column":16},"end":{"line":46,"column":17}},"loc":{"start":{"line":46,"column":34},"end":{"line":48,"column":1}},"line":46}},"branchMap":{},"s":{"0":1,"1":1,"2":1,"3":1,"4":1,"5":1,"6":0,"7":1,"8":1,"9":1,"10":1,"11":1,"12":1,"13":0,"14":1},"f":{"0":0,"1":1,"2":1,"3":0},"b":{},"_coverageSchema":"1a1c01bbd47fc00a2c39e90264f33305004495a9","hash":"2f8e073d9b2c9c1e193f56d4b7caf012791262e1"}
,"/Users/hunter/Sites/omegamart/server/routes/api/product_routes.js": {"path":"/Users/hunter/Sites/omegamart/server/routes/api/product_routes.js","statementMap":{"0":{"start":{"line":1,"column":16},"end":{"line":1,"column":34}},"1":{"start":{"line":2,"column":15},"end":{"line":2,"column":31}},"2":{"start":{"line":5,"column":16},"end":{"line":5,"column":50}},"3":{"start":{"line":10,"column":0},"end":{"line":10,"column":70}},"4":{"start":{"line":10,"column":34},"end":{"line":10,"column":68}},"5":{"start":{"line":15,"column":0},"end":{"line":19,"column":3}},"6":{"start":{"line":16,"column":2},"end":{"line":18,"column":82}},"7":{"start":{"line":17,"column":22},"end":{"line":17,"column":40}},"8":{"start":{"line":18,"column":18},"end":{"line":18,"column":80}},"9":{"start":{"line":24,"column":0},"end":{"line":28,"column":3}},"10":{"start":{"line":25,"column":2},"end":{"line":27,"column":88}},"11":{"start":{"line":26,"column":21},"end":{"line":26,"column":101}},"12":{"start":{"line":27,"column":18},"end":{"line":27,"column":86}},"13":{"start":{"line":33,"column":0},"end":{"line":37,"column":3}},"14":{"start":{"line":34,"column":2},"end":{"line":36,"column":80}},"15":{"start":{"line":35,"column":21},"end":{"line":35,"column":38}},"16":{"start":{"line":36,"column":18},"end":{"line":36,"column":78}},"17":{"start":{"line":43,"column":0},"end":{"line":50,"column":3}},"18":{"start":{"line":44,"column":2},"end":{"line":44,"column":24}},"19":{"start":{"line":45,"column":2},"end":{"line":49,"column":6}},"20":{"start":{"line":46,"column":21},"end":{"line":46,"column":84}},"21":{"start":{"line":48,"column":6},"end":{"line":48,"column":70}},"22":{"start":{"line":55,"column":0},"end":{"line":59,"column":3}},"23":{"start":{"line":56,"column":2},"end":{"line":58,"column":70}},"24":{"start":{"line":57,"column":21},"end":{"line":57,"column":76}},"25":{"start":{"line":58,"column":18},"end":{"line":58,"column":68}},"26":{"start":{"line":61,"column":0},"end":{"line":61,"column":24}}},"fnMap":{"0":{"name":"(anonymous_0)","decl":{"start":{"line":10,"column":20},"end":{"line":10,"column":21}},"loc":{"start":{"line":10,"column":34},"end":{"line":10,"column":68}},"line":10},"1":{"name":"(anonymous_1)","decl":{"start":{"line":15,"column":16},"end":{"line":15,"column":17}},"loc":{"start":{"line":15,"column":30},"end":{"line":19,"column":1}},"line":15},"2":{"name":"(anonymous_2)","decl":{"start":{"line":17,"column":10},"end":{"line":17,"column":11}},"loc":{"start":{"line":17,"column":22},"end":{"line":17,"column":40}},"line":17},"3":{"name":"(anonymous_3)","decl":{"start":{"line":18,"column":11},"end":{"line":18,"column":12}},"loc":{"start":{"line":18,"column":18},"end":{"line":18,"column":80}},"line":18},"4":{"name":"(anonymous_4)","decl":{"start":{"line":24,"column":17},"end":{"line":24,"column":18}},"loc":{"start":{"line":24,"column":31},"end":{"line":28,"column":1}},"line":24},"5":{"name":"(anonymous_5)","decl":{"start":{"line":26,"column":10},"end":{"line":26,"column":11}},"loc":{"start":{"line":26,"column":21},"end":{"line":26,"column":101}},"line":26},"6":{"name":"(anonymous_6)","decl":{"start":{"line":27,"column":11},"end":{"line":27,"column":12}},"loc":{"start":{"line":27,"column":18},"end":{"line":27,"column":86}},"line":27},"7":{"name":"(anonymous_7)","decl":{"start":{"line":33,"column":19},"end":{"line":33,"column":20}},"loc":{"start":{"line":33,"column":33},"end":{"line":37,"column":1}},"line":33},"8":{"name":"(anonymous_8)","decl":{"start":{"line":35,"column":10},"end":{"line":35,"column":11}},"loc":{"start":{"line":35,"column":21},"end":{"line":35,"column":38}},"line":35},"9":{"name":"(anonymous_9)","decl":{"start":{"line":36,"column":11},"end":{"line":36,"column":12}},"loc":{"start":{"line":36,"column":18},"end":{"line":36,"column":78}},"line":36},"10":{"name":"(anonymous_10)","decl":{"start":{"line":43,"column":19},"end":{"line":43,"column":20}},"loc":{"start":{"line":43,"column":33},"end":{"line":50,"column":1}},"line":43},"11":{"name":"(anonymous_11)","decl":{"start":{"line":46,"column":10},"end":{"line":46,"column":11}},"loc":{"start":{"line":46,"column":21},"end":{"line":46,"column":84}},"line":46},"12":{"name":"(anonymous_12)","decl":{"start":{"line":47,"column":11},"end":{"line":47,"column":12}},"loc":{"start":{"line":48,"column":6},"end":{"line":48,"column":70}},"line":48},"13":{"name":"(anonymous_13)","decl":{"start":{"line":55,"column":22},"end":{"line":55,"column":23}},"loc":{"start":{"line":55,"column":36},"end":{"line":59,"column":1}},"line":55},"14":{"name":"(anonymous_14)","decl":{"start":{"line":57,"column":10},"end":{"line":57,"column":11}},"loc":{"start":{"line":57,"column":21},"end":{"line":57,"column":76}},"line":57},"15":{"name":"(anonymous_15)","decl":{"start":{"line":58,"column":11},"end":{"line":58,"column":12}},"loc":{"start":{"line":58,"column":18},"end":{"line":58,"column":68}},"line":58}},"branchMap":{},"s":{"0":1,"1":1,"2":1,"3":1,"4":0,"5":1,"6":1,"7":1,"8":0,"9":1,"10":5,"11":5,"12":0,"13":1,"14":1,"15":1,"16":0,"17":1,"18":1,"19":1,"20":1,"21":0,"22":1,"23":0,"24":0,"25":0,"26":1},"f":{"0":0,"1":1,"2":1,"3":0,"4":5,"5":5,"6":0,"7":1,"8":1,"9":0,"10":1,"11":1,"12":0,"13":0,"14":0,"15":0},"b":{},"_coverageSchema":"1a1c01bbd47fc00a2c39e90264f33305004495a9","hash":"a1e01da7fca59b9c7c6ac2b4db0d6933922cc9c5"}
}
