TN:
SF:server/config/memory_server.js
FN:6,(anonymous_0)
FN:15,(anonymous_1)
FN:23,(anonymous_2)
FNF:3
FNH:3
FNDA:2,(anonymous_0)
FNDA:2,(anonymous_1)
FNDA:9,(anonymous_2)
DA:1,2
DA:2,2
DA:4,2
DA:6,2
DA:7,2
DA:8,2
DA:10,2
DA:15,2
DA:16,2
DA:17,2
DA:18,2
DA:19,2
DA:23,2
DA:24,9
DA:25,9
DA:26,9
DA:27,9
DA:28,9
LF:18
LH:18
BRDA:16,0,0,2
BRDA:16,0,1,0
BRDA:24,1,0,9
BRDA:24,1,1,0
BRF:4
BRH:2
end_of_record
TN:
SF:server/models/Product.js
FN:30,(anonymous_0)
FN:31,(anonymous_1)
FNF:2
FNH:2
FNDA:1,(anonymous_0)
FNDA:7,(anonymous_1)
DA:3,2
DA:5,2
DA:21,2
DA:30,1
DA:31,7
DA:61,2
LF:6
LH:6
BRF:0
BRH:0
end_of_record
TN:
SF:server/models/__tests__/data/product_data.js
FNF:0
FNH:0
DA:1,2
DA:35,2
LF:2
LH:2
BRF:0
BRH:0
end_of_record
TN:
SF:server/routes/main.js
FN:8,(anonymous_0)
FN:12,(anonymous_1)
FN:16,(anonymous_2)
FN:46,(anonymous_3)
FNF:4
FNH:2
FNDA:0,(anonymous_0)
FNDA:1,(anonymous_1)
FNDA:1,(anonymous_2)
FNDA:0,(anonymous_3)
DA:1,1
DA:2,1
DA:3,1
DA:4,1
DA:6,1
DA:8,1
DA:9,0
DA:12,1
DA:13,1
DA:16,1
DA:17,1
DA:20,1
DA:46,1
DA:47,0
DA:49,1
LF:15
LH:13
BRF:0
BRH:0
end_of_record
TN:
SF:server/routes/api/product_routes.js
FN:10,(anonymous_0)
FN:15,(anonymous_1)
FN:17,(anonymous_2)
FN:18,(anonymous_3)
FN:24,(anonymous_4)
FN:26,(anonymous_5)
FN:27,(anonymous_6)
FN:33,(anonymous_7)
FN:35,(anonymous_8)
FN:36,(anonymous_9)
FN:43,(anonymous_10)
FN:46,(anonymous_11)
FN:47,(anonymous_12)
FN:55,(anonymous_13)
FN:57,(anonymous_14)
FN:58,(anonymous_15)
FNF:16
FNH:8
FNDA:0,(anonymous_0)
FNDA:1,(anonymous_1)
FNDA:1,(anonymous_2)
FNDA:0,(anonymous_3)
FNDA:5,(anonymous_4)
FNDA:5,(anonymous_5)
FNDA:0,(anonymous_6)
FNDA:1,(anonymous_7)
FNDA:1,(anonymous_8)
FNDA:0,(anonymous_9)
FNDA:1,(anonymous_10)
FNDA:1,(anonymous_11)
FNDA:0,(anonymous_12)
FNDA:0,(anonymous_13)
FNDA:0,(anonymous_14)
FNDA:0,(anonymous_15)
DA:1,1
DA:2,1
DA:5,1
DA:10,1
DA:15,1
DA:16,1
DA:17,1
DA:18,0
DA:24,1
DA:25,5
DA:26,5
DA:27,0
DA:33,1
DA:34,1
DA:35,1
DA:36,0
DA:43,1
DA:44,1
DA:45,1
DA:46,1
DA:48,0
DA:55,1
DA:56,0
DA:57,0
DA:58,0
DA:61,1
LF:26
LH:19
BRF:0
BRH:0
end_of_record
