TN:
SF:omega-mart/src/App.css
FNF:0
FNH:0
DA:1,1
LF:1
LH:1
BRF:0
BRH:0
end_of_record
TN:
SF:omega-mart/src/App.js
FN:4,App
FN:8,(anonymous_1)
FN:10,(anonymous_2)
FN:11,(anonymous_3)
FNF:4
FNH:2
FNDA:2,App
FNDA:1,(anonymous_1)
FNDA:0,(anonymous_2)
FNDA:0,(anonymous_3)
DA:6,2
DA:8,1
DA:9,1
DA:10,0
DA:11,0
DA:14,1
LF:6
LH:4
BRDA:18,0,0,1
BRDA:18,0,1,0
BRF:2
BRH:1
end_of_record
TN:
SF:server/config/memory_server.js
FN:6,(anonymous_0)
FN:15,(anonymous_1)
FN:23,(anonymous_2)
FNF:3
FNH:3
FNDA:1,(anonymous_0)
FNDA:1,(anonymous_1)
FNDA:3,(anonymous_2)
DA:1,1
DA:2,1
DA:4,1
DA:6,1
DA:7,1
DA:8,1
DA:10,1
DA:15,1
DA:16,1
DA:17,1
DA:18,1
DA:19,1
DA:23,1
DA:24,3
DA:25,3
DA:26,3
DA:27,3
DA:28,3
LF:18
LH:18
BRDA:16,0,0,1
BRDA:16,0,1,0
BRDA:24,1,0,3
BRDA:24,1,1,0
BRF:4
BRH:2
end_of_record
TN:
SF:server/models/Product.js
FNF:0
FNH:0
DA:3,1
DA:5,1
LF:2
LH:2
BRF:0
BRH:0
end_of_record
TN:
SF:server/routes/main.js
FN:7,(anonymous_0)
FN:11,(anonymous_1)
FN:40,(anonymous_2)
FNF:3
FNH:1
FNDA:0,(anonymous_0)
FNDA:1,(anonymous_1)
FNDA:0,(anonymous_2)
DA:1,1
DA:2,1
DA:3,1
DA:5,1
DA:7,1
DA:8,0
DA:11,1
DA:12,1
DA:40,1
DA:41,0
DA:43,1
LF:11
LH:9
BRF:0
BRH:0
end_of_record
